<?xml version="1.0" encoding="UTF-8"?>
<!-- Generated by org.testng.reporters.JUnitReportReporter -->
<testsuite hostname="Orens-MacBook-Pro.local" failures="0" tests="1" name="il.co.wixmeup.CheckFormTestAdvance2" time="0.000" errors="0" timestamp="30 May 2019 12:04:24 GMT" skipped="1">
  <testcase classname="il.co.wixmeup.CheckFormTestAdvance2" name="BasicTestWithExtrnalData" time="0.000">
    <skipped/>
  </testcase> <!-- BasicTestWithExtrnalData -->
</testsuite> <!-- il.co.wixmeup.CheckFormTestAdvance2 -->
