<?xml version="1.0" encoding="UTF-8"?>
<!-- Generated by org.testng.reporters.JUnitReportReporter -->
<testsuite hostname="Orens-MacBook-Pro.local" failures="0" tests="2" name="il.co.wixmeup.CheckFormTestAdvance" time="16.482" errors="0" timestamp="12 Jun 2019 17:33:43 GMT" skipped="0">
  <testcase classname="il.co.wixmeup.CheckFormTestAdvance" name="BasicTest2" time="8.746"/>
  <testcase classname="il.co.wixmeup.CheckFormTestAdvance" name="BasicTest" time="7.736"/>
</testsuite> <!-- il.co.wixmeup.CheckFormTestAdvance -->
