<?xml version="1.0" encoding="UTF-8"?>
<!-- Generated by org.testng.reporters.JUnitReportReporter -->
<testsuite hostname="Orens-MacBook-Pro.local" failures="0" tests="1" name="il.co.wixmeup.CheckFormTest" time="11.218" errors="0" timestamp="29 May 2019 14:58:43 GMT" skipped="0">
  <testcase classname="il.co.wixmeup.CheckFormTest" name="BasicTest" time="11.218"/>
</testsuite> <!-- il.co.wixmeup.CheckFormTest -->
