<?xml version="1.0" encoding="UTF-8"?>
<!-- Generated by org.testng.reporters.JUnitReportReporter -->
<testsuite hostname="Orens-MacBook-Pro.local" failures="0" tests="1" name="il.co.wixmeup.CheckFormTestAdvance" time="12.706" errors="0" timestamp="29 May 2019 16:15:59 GMT" skipped="0">
  <testcase classname="il.co.wixmeup.CheckFormTestAdvance" name="BasicTest" time="12.706"/>
</testsuite> <!-- il.co.wixmeup.CheckFormTestAdvance -->
