<?xml version="1.0" encoding="UTF-8"?>
<!-- Generated by org.testng.reporters.JUnitReportReporter -->
<testsuite hostname="Orens-MacBook-Pro.local" failures="0" tests="1" name="il.com.wixmeup.CheckFormTest" time="9.678" errors="0" timestamp="24 May 2019 19:19:32 GMT" skipped="0">
  <testcase classname="il.com.wixmeup.CheckFormTest" name="BasicTest" time="9.678"/>
</testsuite> <!-- il.com.wixmeup.CheckFormTest -->
