<?xml version="1.0" encoding="UTF-8"?>
<!-- Generated by org.testng.reporters.JUnitReportReporter -->
<testsuite hostname="Orens-MacBook-Pro.local" failures="0" tests="1" name="il.co.wixmeup.CheckFormTestBasic" time="12.823" errors="0" timestamp="29 May 2019 15:32:26 GMT" skipped="0">
  <testcase classname="il.co.wixmeup.CheckFormTestBasic" name="BasicTest" time="12.823"/>
</testsuite> <!-- il.co.wixmeup.CheckFormTestBasic -->
